make.exe all --print-data-base --no-builtin-variables --no-builtin-rules --question
# GNU Make 3.82.90
# Built for i686-pc-mingw32
# Copyright (C) 1988-2012 Free Software Foundation, Inc.
# License GPLv3+: GNU GPL version 3 or later <http://gnu.org/licenses/gpl.html>
# This is free software: you are free to change and redistribute it.
# There is NO WARRANTY, to the extent permitted by law.
 

# Make data base, printed on Wed Jul 06 21:02:33 2022

# Variables

# automatic
<D = $(patsubst %/,%,$(patsubst %\,%,$(dir $<)))
# automatic
?F = $(notdir $?)
# environment
AV_APPDATA = C:\Users\richa\AppData\Roaming
# default
.SHELLFLAGS := -c
# makefile
MAKEFLAGS = Rrqp
# environment
VSCODE_LOG_NATIVE = false
# environment
CUDA_PATH_V11_5 = C:\Program Files\NVIDIA GPU Computing Toolkit\CUDA\v11.5
# automatic
?D = $(patsubst %/,%,$(patsubst %\,%,$(dir $?)))
# automatic
@D = $(patsubst %/,%,$(patsubst %\,%,$(dir $@)))
# environment
HOMEDRIVE = C:
# automatic
@F = $(notdir $@)
# automatic
^D = $(patsubst %/,%,$(patsubst %\,%,$(dir $^)))
# makefile
CURDIR := c:/Users/richa/Desktop/Classes/391/ece391/ece391_share/work/a/mp3_group_08
# default
SHELL := C:/Program Files/Git/bin/sh.exe
# environment
WINDIR = C:\Windows
# environment
VSCODE_NLS_CONFIG = {"locale":"en-us","availableLanguages":{},"_languagePackSupport":true}
# environment
VBOX_MSI_INSTALL_PATH = C:\Program Files\Oracle\VirtualBox\
# environment
PYCHA 
RM COMMUNITY EDITION = D:\Program Files\PyCharm Community Edition 2022.1\bin;
# environment
ONEDRIVE = C:\Users\richa\OneDrive
# environment
PATHEXT = .COM;.EXE;.BAT;.CMD;.VBS;.VBE;.JS;.JSE;.WSF;.WSH;.MSC
# makefile
MAKEFILE_LIST := 
# environment
TMP = C:\Users\richa\AppData\Local\Temp
# environment
VSCODE_VERBOSE_LOGGING = true
# environment
PROGRAMW6432 = C:\Program Files
# environment
PROGRAMDATA = C:\ProgramData
# environment
VSCODE_IPC_HOOK_EXTHOST = \\.\pipe\vscode-ipc-e34a61a4-9413-4e35-8ba0-505564a4706a-sock
# environment
VSCODE_CWD = C:\Windows\system32
# environment
PATH = C:\Program Files\Eclipse Adoptium\jdk-11.0.15.10-hotspot\bin;C:\Program Files (x86)\Common Files\Oracle\Java\javapath;D:\VMWare\bin\;C:\Program Files (x86)\Common Files\Intel\Shared Libraries\redist\intel64\compiler;C:\Program Files\NVIDIA GPU Computing Toolkit\CUDA\v11.5\bin;C:\Program Files\NVIDIA GPU Computing Toolkit\CUDA\v11.5\libnvvp;C:\Program Files (x86)\Razer Chroma SDK\bin;C:\Program Files\Razer Chroma SDK\bin;C:\Program Files (x86)\Razer\ChromaBroadcast\bin;C:\Program Files\Razer\ChromaBroadcast\bin;C:\Windows\system32;C:\Windows;C:\Windows\System32\Wbem;C:\Windows\System32\WindowsPowerShell\v1.0\;C:\Windows\System32\OpenSSH\;C:\Program Files\Git\cmd;C:\Program Files\Git\bin;C:\Users\richa\AppData\Roaming\Sublime Text 3\Packages\SublimeAStyleFormatter;C:\mingw-w64-v7.0.0 (1);C:\MinGW\bin;C:\Program Files\NVIDIA Corporation\NVIDIA NvDLISR;D:\command;C:\Users\richa\AppData\Local\Packages\PythonSoftwareFoundation.Python.3.8_qbz5n2kfra8p0\LocalCache\local-packages\Python38\Scripts;C:\Users\richa\Desktop\mongodb-win32-x86_64-windows-4.4.2\bin;C:\Program Files (x86)\Yarn\bin\;C:\Users\ugur\AppData\Roaming\npm;C:\Users\richa\bin;C:\Program Files\Kubernetes\Minikube;C:\Windows\system32\config\systemprofile\AppData\Local\Microsoft\WindowsApps;C:\Program Files\Git LFS;C:\Program Files (x86)\dotnet\;D:\MinGW\bin;C:\Program Files\CMake\bin;C:\Program Files\NVIDIA Corporation\Nsight Compute 2021.3.0\;C:\Program Files (x86)\Microsoft Visual Studio\2019\Community\VC\Tools\MSVC\14.28.29333\bin\Hostx64\x64;C:\Program Files\Docker\Docker\resources\bin;C:\ProgramData\DockerDesktop\version-bin;C:\Program Files\dotnet\;C:\Program Files\Microsoft SQL Server\130\Tools\Binn\;C:\Program Files\Microsoft SQL Server\Client SDK\ODBC\170\Tools\Binn\;C:\Program Files\nodejs\;C:\Program Files\PuTTY\;C:\Program Files\Microsoft Network Monitor 3\;C:\ProgramData\chocolatey\bin;C:\Program Files (x86)\Windows Kits\10\Windows Performance Toolkit\;C:\Program Files (x86)\Windows Kits\10\Debuggers\x86;D:\CTF Tools\nmap-7.92;C:\Program Files\Go\bin;D:\Coding\Python\Selenium1;C:\Users\richa\.cargo\bin;C:\Users\richa\AppData\Local\Microsoft\WindowsApps;C:\MinGW\bin;C:\Users\richa\AppData\Local\atom\bin;C:\Users\richa\AppData\Local\hyper\app-3.0.2\resources\bin;D:\heroku\bin;C:\Users\richa\AppData\Local\Yarn\bin;C:\Users\richa\AppData\Local\GitHubDesktop\bin;C:\Users\richa\.dotnet\tools;C:\Users\richa\AppData\Roaming\npm;D:\Program Files\ghcup\bin;C:\Users\richa\AppData\Roaming\cabal\bin;C:\tools\ghc-9.2.1\bin;C:\tools\msys64;C:\Users\richa\AppData\Roaming\local\bin;C:\Users\richa\AppData\Roaming\TinyTeX\bin\win32;C:\Program Files\Git\usr\bin;D:\Anaconda\Scripts;D:\Program Files\PyCharm Community Edition 2022.1\bin;;D:\CTF Tools\nmap-7.92;C:\Users\richa\AppData\Local\Programs\Microsoft VS Code\bin;C:\Users\richa\go\bin;D:\Coding\Python\Selenium1;
# environment
SSLKEYLOGFILE = C:\Users\richa\SSLKeys
# environment
COMMONPROGRAMW6432 = C:\Program Files\Common Files
# environment
GIT_LFS_PATH = C:\Program Files\Git LFS
# environment
GHCUP_INSTALL_BASE_PREFIX = D:\Program Files\
# environment
CHOCOLATEYLASTPATHUPDATE = 132873925764808854
# environment
PROCESSOR_ARCHITECTURE = x86
# environment
USERPROFILE = C:\Users\richa
# environment
CHOCOLATEYINSTALL = C:\ProgramData\chocolatey
# environment
ALLUSERSPROFILE = C:\ProgramData
# environment
GOPATH = D:\go
# environment
VSCODE_LOG_STACK = false
# environment
NUMBER_OF_PROCESSORS = 12
# environment
ELECTRON_RUN_AS_NODE = 1
# default
.FEATURES := target-specific order-only second-expansion else-if shortest-stem undefine oneshell archives jobserver
# environment
CABAL_DIR = D:\Program Files\cabal
# environment
NVTOOLSEXT_PATH = C:\Program Files\NVIDIA Corporation\NvToolsExt\
# automatic
%F = $(notdir $%)
# environment
CHROME_CRASHPAD_PIPE_NAME = \\.\pipe\crashpad_18944_ZPYGXZVRQDFWFJBB
# environment
VSCODE_PIPE_LOGGING = true
# environment
COMPUTERNAME = DESKTOP-IBPM9GG
# environment
PROGRAMFILES = C:\Program Files (x86)
# environment
DRIVERDATA = C:\Windows\System32\Drivers\DriverData
# environment
NVCUDASAMPLES_ROOT = C:\ProgramData\NVIDIA Corporation\CUDA Samples\v11.5
# environment
ASL.LOG = Destination=file
# environment
ORIGINAL_XDG_CURRENT_DESKTOP = undefined
# environment
USERNAME = richa
# environment
PUBLIC = C:\Users\Public
# environment
VSCODE_AMD_ENTRYPOINT = vs/workbench/api/node/extensionHostProcess
# environment
CHOCOLATEYTOOLSLOCATION = C:\tools
# environment
VSCODE_CODE_CACHE_PATH = C:\Users\richa\AppData\Roaming\Code\CachedData\30d9c6cd9483b2cc586687151bcbcd635f373630
# environment
APPLICATION_INSIGHTS_NO_DIAGNOSTIC_CHANNEL = 1
# environment
COMMONPROGRAMFILES = C:\Program Files (x86)\Common Files
# environment
LOGONSERVER = \\DESKTOP-IBPM9GG
# environment
ONEDRIVECONSUMER = C:\Users\richa\OneDrive
# environment
VSCODE_HANDLES_UNCAUGHT_ERRORS = true
# environment
USERDOMAIN = DESKTOP-IBPM9GG
# environment
MIC_LD_LIBRARY_PATH = C:\Program Files (x86)\Common Files\Intel\Shared Libraries\compiler\lib\mic
# environment
MAKELEVEL := 0
# default
MAKE = $(MAKE_COMMAND)
# default
MAKECMDGOALS := all
# default
MAKE_VERSION := 3.82.90
# makefile
.DEFAULT_GOAL := 
# environment
PROGRAMFILES(X86) = C:\Program Files (x86)
# automatic
%D = $(patsubst %/,%,$(patsubst %\,%,$(dir $%)))
# environment
STACK_ROOT = C:\sr
# environment
LOCALAPPDATA = C:\Users\richa\AppData\Local
# environment
PSMODULEPATH = C:\Program Files\WindowsPowerShell\Modules;C:\Windows\system32\WindowsPowerShell\v1.0\Modules
# default
MAKE_COMMAND := make.exe
# environment
NVCUDASAMPLES11_5_ROOT = C:\ProgramData\NVIDIA Corporation\CUDA Samples\v11.5
# environment
PROCESSOR_ARCHITEW6432 = AMD64
# default
.VARIABLES := 
# automatic
*F = $(notdir $*)
# environment
PROCESSOR_IDENTIFIER = AMD64 Family 23 Model 113 Stepping 0, AuthenticAMD
# environment
OS = Windows_NT
# environment
VSCODE_IPC_HOOK = \\.\pipe\3f936b0d757c6d7e5d5bdfaf0e55dc01-1.68.1-main-sock
# environment
HOMEPATH = \Users\richa
# environment
COMMONPROGRAMFILES(X86) = C:\Program Files (x86)\Common Files
# environment
PROMPT = $P$G
# environment
MFLAGS = -Rrqp
# automatic
*D = $(patsubst %/,%,$(patsubst %\,%,$(dir $*)))
# environment
PT8HOME = D:\CTF Tools\Cisco Packet Tracer 8.1.0
# environment
INTEL_DEV_REDIST = C:\Program Files (x86)\Common Files\Intel\Shared Libraries\
# environment
SYSTEMROOT = C:\Windows
# environment
_MSYS2_PREFIX = x86_64
# automatic
+D = $(patsubst %/,%,$(patsubst %\,%,$(dir $+)))
# automatic
+F = $(notdir $+)
# environment
APPDATA = C:\Users\richa\AppData\Roaming
# environment
TEMP = C:\Users\richa\AppData\Local\Temp
# environment
AMDRMPATH = C:\Program Files\AMD\RyzenMaster\
# environment
COMSPEC = C:\Windows\system32\cmd.exe
# default
MAKEFILES := 
# automatic
<F = $(notdir $<)
# environment
LC_ALL = C
# automatic
^F = $(notdir $^)
# environment
CUDA_PATH = C:\Program Files\NVIDIA GPU Computing Toolkit\CUDA\v11.5
# default
SUFFIXES := 
# environment
SYSTEMDRIVE = C:
# environment
SESSIONNAME = Console
# environment
PROCESSOR_REVISION = 7100
# environment
VS140COMNTOOLS = D:\Visual Studi 
o Updates 2015\Common7\Tools\
# default
.INCLUDE_DIRS = C:/MinGW/include
# default
.RECIPEPREFIX := 
# environment
_MSYS2_BASH = C:\tools\msys64\usr\bin\bash.exe
# environment
LANG = C
# environment
PROCESSOR_LEVEL = 23
# environment
VSCODE_PID = 18944
# environment
USERDOMAIN_ROAMINGPROFILE = DESKTOP-IBPM9GG
# variable set hash-table stats:
# Load=115/1024=11%, Rehash=0, Collisions=11/130=8%

# Pattern-specific Variable Values

# No pattern-specific variable values.

# Directories

# C:\Program Files\Git\bin (key C:/Program Files/Git/bin, mtime 1599328409): 5 files, no impossibilities so far.
# C:\Windows\System32\WindowsPowerShell\v1.0\ (key C:/Windows/System32/WindowsPowerShell/v1.0/, mtime 1602738563): 30 files, no impossibilities.
# . (key c:/Users/richa/Desktop/Classes/391/ece391/ece391_share/work/a/mp3_group_08, mtime 1655310996): 14 files, no impossibilities.
# C:\Program Files (x86)\Common Files\Oracle\Java\javapath (key C:/Program Files (x86)/Common Files/Oracle/Java/javapath, mtime 1652074655): 5 files, no impossibilities.
# C:\Program Files\Eclipse Adoptium\jdk-11.0.15.10-hotspot\bin (key C:/Program Files/Eclipse Adoptium/jdk-11.0.15.10-hotspot/bin, mtime 1653172067): 126 files, no impossibilities.
# C:\Program Files\Git\cmd (key C:/Program Files/Git/cmd, mtime 1599328421): 8 files, no impossibilities.
# C:\Windows\System32\OpenSSH\: could not be stat'd.
# C:\Program Files (x86)\Razer Chroma SDK\bin (key C:/Program Files (x86)/Razer Chroma SDK/bin, mtime 1656597387): 231 files, no impossibilities.
# C:\Program Files\Razer\ChromaBroadcast\bin (key C:/Program Files/Razer/ChromaBroadcast/bin, mtime 1631899131): 5 files, no impossibilities.
# C:\Program Files (x86)\Common Files\Intel\Shared Libraries\redist\intel64\compiler (key C:/Program Files (x86)/Common Files/Intel/Shared Libraries/redist/intel64/compiler, mtime 1644193510): 17 files, no impossibilities.
# C:\Windows (key C:/Windows, mtime 1617391787): 122 files, no impossibilities.
# C:\Program Files\NVIDIA GPU Computing Toolkit\CUDA\v11.5\libnvvp ( 
key C:/Program Files/NVIDIA GPU Computing Toolkit/CUDA/v11.5/libnvvp, mtime 1635281983): 14 files, no impossibilities.
# C:\Windows\System32\Wbem (key C:/Windows/System32/Wbem, mtime 1655446502): 170 files, no impossibilities.
# D:\VMWare\bin\ (key D:/VMWare/bin/, mtime 1651802435): 4 files, no impossibilities.
# C:\Windows\system32 (key C:/Windows/system32, mtime 1657134968): 3105 files, no impossibilities.
# C:\Program Files (x86)\Razer\ChromaBroadcast\bin (key C:/Program Files (x86)/Razer/ChromaBroadcast/bin, mtime 1631899131): 5 files, no impossibilities.
# C:\Program Files\NVIDIA GPU Computing Toolkit\CUDA\v11.5\bin (key C:/Program Files/NVIDIA GPU Computing Toolkit/CUDA/v11.5/bin, mtime 1635281998): 44 files, no impossibilities.
# C:\Program Files\Razer Chroma SDK\bin (key C:/Program Files/Razer Chroma SDK/bin, mtime 1635892427): 5 files, no impossibilities.

# 3910 files, no impossibilities in 18 directories.

# Implicit Rules

# No implicit rules.

# Files

# Not a target:
all:
#  Command line target.
#  Implicit rule search has been done.
#  File does not exist.
#  File has not been updated.

# Not a target:
.SUFFIXES:
#  Implicit rule search has not been done.
#  Modification time never checked.
#  File has not been updated.

# Not a target:
Makefile:
#  Implicit rule search has been done.
#  File does not exist.
#  File has been updated.
#  Failed to be updated.

# Not a target:
makefile:
#  Implicit rule search has been done.
#  File does not exist.
#  File has been updated.
#  Failed to be updated. 
make.exe: *** No rule to make target 'all'.  Stop.



# Not a target:
.DEFAULT:
#  Implicit rule search has not been done.
#  Modification time never checked.
#  File has not been updated.

# Not a target:
GNUmakefile:
#  Implicit rule search has been done.
#  File does not exist.
#  File has been updated.
#  Failed to be updated.

# files hash-table stats:
# Load=6/1024=1%, Rehash=0, Collisions=0/15=0%
# VPATH Search Paths

# No 'vpath' search paths.

# No general ('VPATH' variable) search path.

# strcache buffers: 8 (7) / strings = 3874 / storage = 59643 B / avg = 15 B
# current buf: size = 8174 B / used = 2493 B / count = 153 / avg = 16 B
# other used: total = 51469 B / count = 3721 / avg = 13 B
# other free: total = 68 B / max = 14 B / min = 3 B / avg = 9 B

# strcache performance: lookups = 3936 / hit rate = 1%
# hash-table stats:
# Load=3874/8192=47%, Rehash=0, Collisions=1606/3936=41%
# Finished Make data base on Wed Jul 06 21:02:33 2022

 
